作业开始于: Sat Aug 23 01:22:14 CEST 2025
加载模块...
Using python: /gpfs/home5/jye/MyInvest/.venv/bin/python
脚本提交目录: /gpfs/home5/jye/MyInvest/codes_sh
数据目录路径: ../data-china
总共找到 84 个文件
任务ID 1: 将要处理文件索引范围 12 到 23
  - 任务 1 正在处理: ../data-china/001745.csv
--- 正在处理基金: 001745 ---
  使用窗口: 7 天...
  使用窗口: 30 天...
  使用窗口: 90 天...
  使用窗口: 180 天...
结果已保存至: prediction_xgboost/001745.csv

此批次的所有文件处理完毕！
  - 任务 1 正在处理: ../data-china/001806.csv
--- 正在处理基金: 001806 ---
  使用窗口: 7 天...
  使用窗口: 30 天...
  使用窗口: 90 天...
  使用窗口: 180 天...
结果已保存至: prediction_xgboost/001806.csv

此批次的所有文件处理完毕！
  - 任务 1 正在处理: ../data-china/001917.csv
--- 正在处理基金: 001917 ---
  使用窗口: 7 天...
  使用窗口: 30 天...
  使用窗口: 90 天...
  使用窗口: 180 天...
结果已保存至: prediction_xgboost/001917.csv

此批次的所有文件处理完毕！
  - 任务 1 正在处理: ../data-china/002049.csv
--- 正在处理基金: 002049 ---
  使用窗口: 7 天...
  使用窗口: 30 天...
  使用窗口: 90 天...
  使用窗口: 180 天...
结果已保存至: prediction_xgboost/002049.csv

此批次的所有文件处理完毕！
  - 任务 1 正在处理: ../data-china/002170.csv
--- 正在处理基金: 002170 ---
  使用窗口: 7 天...
  使用窗口: 30 天...
  使用窗口: 90 天...
  使用窗口: 180 天...
结果已保存至: prediction_xgboost/002170.csv

此批次的所有文件处理完毕！
  - 任务 1 正在处理: ../data-china/002236.csv
--- 正在处理基金: 002236 ---
  使用窗口: 7 天...
  使用窗口: 30 天...
  使用窗口: 90 天...
  使用窗口: 180 天...
结果已保存至: prediction_xgboost/002236.csv

此批次的所有文件处理完毕！
  - 任务 1 正在处理: ../data-china/002276.csv
--- 正在处理基金: 002276 ---
  使用窗口: 7 天...
  使用窗口: 30 天...
  使用窗口: 90 天...
  使用窗口: 180 天...
结果已保存至: prediction_xgboost/002276.csv

此批次的所有文件处理完毕！
  - 任务 1 正在处理: ../data-china/002833.csv
--- 正在处理基金: 002833 ---
  使用窗口: 7 天...
  使用窗口: 30 天...
  使用窗口: 90 天...
  使用窗口: 180 天...
结果已保存至: prediction_xgboost/002833.csv

此批次的所有文件处理完毕！
  - 任务 1 正在处理: ../data-china/002849.csv
--- 正在处理基金: 002849 ---
  使用窗口: 7 天...
  使用窗口: 30 天...
  使用窗口: 90 天...
  使用窗口: 180 天...
结果已保存至: prediction_xgboost/002849.csv

此批次的所有文件处理完毕！
  - 任务 1 正在处理: ../data-china/002863.csv
--- 正在处理基金: 002863 ---
  使用窗口: 7 天...
  使用窗口: 30 天...
  使用窗口: 90 天...
  使用窗口: 180 天...
结果已保存至: prediction_xgboost/002863.csv

此批次的所有文件处理完毕！
  - 任务 1 正在处理: ../data-china/003102.csv
--- 正在处理基金: 003102 ---
  使用窗口: 7 天...
  使用窗口: 30 天...
  使用窗口: 90 天...
  使用窗口: 180 天...
结果已保存至: prediction_xgboost/003102.csv

此批次的所有文件处理完毕！
  - 任务 1 正在处理: ../data-china/003175.csv
--- 正在处理基金: 003175 ---
  使用窗口: 7 天...
  使用窗口: 30 天...
  使用窗口: 90 天...
  使用窗口: 180 天...
结果已保存至: prediction_xgboost/003175.csv

此批次的所有文件处理完毕！
任务ID 1: 已完成其文件块的处理。

JOB STATISTICS
==============
Job ID: 14233438
Array Job ID: 14233436_1
Cluster: snellius
User/Group: jye/jye
State: COMPLETED (exit code 0)
Nodes: 1
Cores per node: 16
CPU Utilized: 00:12:28
CPU Efficiency: 39.96% of 00:31:12 core-walltime
Job Wall-clock time: 00:01:57
Memory Utilized: 379.39 MB
Memory Efficiency: 4.63% of 8.00 GB (8.00 GB/node)
