作业开始于: Sat Aug 23 01:22:14 CEST 2025
加载模块...
Using python: /gpfs/home5/jye/MyInvest/.venv/bin/python
脚本提交目录: /gpfs/home5/jye/MyInvest/codes_sh
数据目录路径: ../data-china
总共找到 84 个文件
任务ID 3: 将要处理文件索引范围 36 到 47
  - 任务 3 正在处理: ../data-china/005908.csv
--- 正在处理基金: 005908 ---
  使用窗口: 7 天...
  使用窗口: 30 天...
  使用窗口: 90 天...
  使用窗口: 180 天...
结果已保存至: prediction_xgboost/005908.csv

此批次的所有文件处理完毕！
  - 任务 3 正在处理: ../data-china/005984.csv
--- 正在处理基金: 005984 ---
  使用窗口: 7 天...
  使用窗口: 30 天...
  使用窗口: 90 天...
  使用窗口: 180 天...
结果已保存至: prediction_xgboost/005984.csv

此批次的所有文件处理完毕！
  - 任务 3 正在处理: ../data-china/006212.csv
--- 正在处理基金: 006212 ---
  使用窗口: 7 天...
  使用窗口: 30 天...
  使用窗口: 90 天...
  使用窗口: 180 天...
结果已保存至: prediction_xgboost/006212.csv

此批次的所有文件处理完毕！
  - 任务 3 正在处理: ../data-china/006373.csv
--- 正在处理基金: 006373 ---
  使用窗口: 7 天...
  使用窗口: 30 天...
  使用窗口: 90 天...
  使用窗口: 180 天...
结果已保存至: prediction_xgboost/006373.csv

此批次的所有文件处理完毕！
  - 任务 3 正在处理: ../data-china/006624.csv
--- 正在处理基金: 006624 ---
  使用窗口: 7 天...
  使用窗口: 30 天...
  使用窗口: 90 天...
  使用窗口: 180 天...
结果已保存至: prediction_xgboost/006624.csv

此批次的所有文件处理完毕！
  - 任务 3 正在处理: ../data-china/006700.csv
--- 正在处理基金: 006700 ---
  使用窗口: 7 天...
  使用窗口: 30 天...
  使用窗口: 90 天...
  使用窗口: 180 天...
结果已保存至: prediction_xgboost/006700.csv

此批次的所有文件处理完毕！
  - 任务 3 正在处理: ../data-china/006961.csv
--- 正在处理基金: 006961 ---
  使用窗口: 7 天...
  使用窗口: 30 天...
  使用窗口: 90 天...
  使用窗口: 180 天...
结果已保存至: prediction_xgboost/006961.csv

此批次的所有文件处理完毕！
  - 任务 3 正在处理: ../data-china/006980.csv
--- 正在处理基金: 006980 ---
  使用窗口: 7 天...
  使用窗口: 30 天...
  使用窗口: 90 天...
  使用窗口: 180 天...
结果已保存至: prediction_xgboost/006980.csv

此批次的所有文件处理完毕！
  - 任务 3 正在处理: ../data-china/007107.csv
--- 正在处理基金: 007107 ---
  使用窗口: 7 天...
  使用窗口: 30 天...
  使用窗口: 90 天...
  使用窗口: 180 天...
结果已保存至: prediction_xgboost/007107.csv

此批次的所有文件处理完毕！
  - 任务 3 正在处理: ../data-china/007280.csv
--- 正在处理基金: 007280 ---
  使用窗口: 7 天...
  使用窗口: 30 天...
  使用窗口: 90 天...
  使用窗口: 180 天...
结果已保存至: prediction_xgboost/007280.csv

此批次的所有文件处理完毕！
  - 任务 3 正在处理: ../data-china/007466.csv
--- 正在处理基金: 007466 ---
  使用窗口: 7 天...
  使用窗口: 30 天...
  使用窗口: 90 天...
  使用窗口: 180 天...
结果已保存至: prediction_xgboost/007466.csv

此批次的所有文件处理完毕！
  - 任务 3 正在处理: ../data-china/007492.csv
--- 正在处理基金: 007492 ---
  使用窗口: 7 天...
  使用窗口: 30 天...
  使用窗口: 90 天...
  使用窗口: 180 天...
结果已保存至: prediction_xgboost/007492.csv

此批次的所有文件处理完毕！
任务ID 3: 已完成其文件块的处理。

JOB STATISTICS
==============
Job ID: 14233440
Array Job ID: 14233436_3
Cluster: snellius
User/Group: jye/jye
State: COMPLETED (exit code 0)
Nodes: 1
Cores per node: 16
CPU Utilized: 00:10:37
CPU Efficiency: 38.65% of 00:27:28 core-walltime
Job Wall-clock time: 00:01:43
Memory Utilized: 390.93 MB
Memory Efficiency: 4.77% of 8.00 GB (8.00 GB/node)
