作业开始于: Sat Aug 23 01:22:14 CEST 2025
加载模块...
Using python: /gpfs/home5/jye/MyInvest/.venv/bin/python
脚本提交目录: /gpfs/home5/jye/MyInvest/codes_sh
数据目录路径: ../data-china
总共找到 84 个文件
任务ID 5: 将要处理文件索引范围 60 到 71
  - 任务 5 正在处理: ../data-china/110017.csv
--- 正在处理基金: 110017 ---
  使用窗口: 7 天...
  使用窗口: 30 天...
  使用窗口: 90 天...
  使用窗口: 180 天...
结果已保存至: prediction_xgboost/110017.csv

此批次的所有文件处理完毕！
  - 任务 5 正在处理: ../data-china/160323.csv
--- 正在处理基金: 160323 ---
  使用窗口: 7 天...
  使用窗口: 30 天...
  使用窗口: 90 天...
  使用窗口: 180 天...
结果已保存至: prediction_xgboost/160323.csv

此批次的所有文件处理完毕！
  - 任务 5 正在处理: ../data-china/161128.csv
--- 正在处理基金: 161128 ---
  使用窗口: 7 天...
  使用窗口: 30 天...
  使用窗口: 90 天...
  使用窗口: 180 天...
结果已保存至: prediction_xgboost/161128.csv

此批次的所有文件处理完毕！
  - 任务 5 正在处理: ../data-china/162102.csv
--- 正在处理基金: 162102 ---
  使用窗口: 7 天...
  使用窗口: 30 天...
  使用窗口: 90 天...
  使用窗口: 180 天...
结果已保存至: prediction_xgboost/162102.csv

此批次的所有文件处理完毕！
  - 任务 5 正在处理: ../data-china/165513.csv
--- 正在处理基金: 165513 ---
  使用窗口: 7 天...
  使用窗口: 30 天...
  使用窗口: 90 天...
  使用窗口: 180 天...
结果已保存至: prediction_xgboost/165513.csv

此批次的所有文件处理完毕！
  - 任务 5 正在处理: ../data-china/166301.csv
--- 正在处理基金: 166301 ---
  使用窗口: 7 天...
  使用窗口: 30 天...
  使用窗口: 90 天...
  使用窗口: 180 天...
结果已保存至: prediction_xgboost/166301.csv

此批次的所有文件处理完毕！
  - 任务 5 正在处理: ../data-china/210009.csv
--- 正在处理基金: 210009 ---
  使用窗口: 7 天...
  使用窗口: 30 天...
  使用窗口: 90 天...
  使用窗口: 180 天...
结果已保存至: prediction_xgboost/210009.csv

此批次的所有文件处理完毕！
  - 任务 5 正在处理: ../data-china/217021.csv
--- 正在处理基金: 217021 ---
  使用窗口: 7 天...
  使用窗口: 30 天...
  使用窗口: 90 天...
  使用窗口: 180 天...
结果已保存至: prediction_xgboost/217021.csv

此批次的所有文件处理完毕！
  - 任务 5 正在处理: ../data-china/260112.csv
--- 正在处理基金: 260112 ---
  使用窗口: 7 天...
  使用窗口: 30 天...
  使用窗口: 90 天...
  使用窗口: 180 天...
结果已保存至: prediction_xgboost/260112.csv

此批次的所有文件处理完毕！
  - 任务 5 正在处理: ../data-china/270042.csv
--- 正在处理基金: 270042 ---
  使用窗口: 7 天...
  使用窗口: 30 天...
  使用窗口: 90 天...
  使用窗口: 180 天...
结果已保存至: prediction_xgboost/270042.csv

此批次的所有文件处理完毕！
  - 任务 5 正在处理: ../data-china/320013.csv
--- 正在处理基金: 320013 ---
  使用窗口: 7 天...
  使用窗口: 30 天...
  使用窗口: 90 天...
  使用窗口: 180 天...
结果已保存至: prediction_xgboost/320013.csv

此批次的所有文件处理完毕！
  - 任务 5 正在处理: ../data-china/360008.csv
--- 正在处理基金: 360008 ---
  使用窗口: 7 天...
  使用窗口: 30 天...
  使用窗口: 90 天...
  使用窗口: 180 天...
结果已保存至: prediction_xgboost/360008.csv

此批次的所有文件处理完毕！
任务ID 5: 已完成其文件块的处理。

JOB STATISTICS
==============
Job ID: 14233442
Array Job ID: 14233436_5
Cluster: snellius
User/Group: jye/jye
State: RUNNING
Nodes: 1
Cores per node: 16
CPU Utilized: 00:00:00
CPU Efficiency: 0.00% of 00:40:00 core-walltime
Job Wall-clock time: 00:02:30
Memory Utilized: 0.00 MB
Memory Efficiency: 0.00% of 8.00 GB (8.00 GB/node)
WARNING: Efficiency statistics can only be obtained after the job has ended as seff tool is based on the accounting database data.
