作业开始于: Sat Aug 23 01:22:14 CEST 2025
加载模块...
Using python: /gpfs/home5/jye/MyInvest/.venv/bin/python
脚本提交目录: /gpfs/home5/jye/MyInvest/codes_sh
数据目录路径: ../data-china
总共找到 84 个文件
任务ID 6: 将要处理文件索引范围 72 到 83
  - 任务 6 正在处理: ../data-china/420009.csv
--- 正在处理基金: 420009 ---
  使用窗口: 7 天...
  使用窗口: 30 天...
  使用窗口: 90 天...
  使用窗口: 180 天...
结果已保存至: prediction_xgboost/420009.csv

此批次的所有文件处理完毕！
  - 任务 6 正在处理: ../data-china/486002.csv
--- 正在处理基金: 486002 ---
  使用窗口: 7 天...
  使用窗口: 30 天...
  使用窗口: 90 天...
  使用窗口: 180 天...
结果已保存至: prediction_xgboost/486002.csv

此批次的所有文件处理完毕！
  - 任务 6 正在处理: ../data-china/501025.csv
--- 正在处理基金: 501025 ---
  使用窗口: 7 天...
  使用窗口: 30 天...
  使用窗口: 90 天...
  使用窗口: 180 天...
结果已保存至: prediction_xgboost/501025.csv

此批次的所有文件处理完毕！
  - 任务 6 正在处理: ../data-china/510080.csv
--- 正在处理基金: 510080 ---
  使用窗口: 7 天...
  使用窗口: 30 天...
  使用窗口: 90 天...
  使用窗口: 180 天...
结果已保存至: prediction_xgboost/510080.csv

此批次的所有文件处理完毕！
  - 任务 6 正在处理: ../data-china/511270.csv
--- 正在处理基金: 511270 ---
  使用窗口: 7 天...
  使用窗口: 30 天...
  使用窗口: 90 天...
  使用窗口: 180 天...
结果已保存至: prediction_xgboost/511270.csv

此批次的所有文件处理完毕！
  - 任务 6 正在处理: ../data-china/512890.csv
--- 正在处理基金: 512890 ---
  使用窗口: 7 天...
  使用窗口: 30 天...
  使用窗口: 90 天...
  使用窗口: 180 天...
结果已保存至: prediction_xgboost/512890.csv

此批次的所有文件处理完毕！
  - 任务 6 正在处理: ../data-china/513500.csv
--- 正在处理基金: 513500 ---
  使用窗口: 7 天...
  使用窗口: 30 天...
  使用窗口: 90 天...
  使用窗口: 180 天...
结果已保存至: prediction_xgboost/513500.csv

此批次的所有文件处理完毕！
  - 任务 6 正在处理: ../data-china/515450.csv
--- 正在处理基金: 515450 ---
  使用窗口: 7 天...
  使用窗口: 30 天...
  使用窗口: 90 天...
  使用窗口: 180 天...
结果已保存至: prediction_xgboost/515450.csv

此批次的所有文件处理完毕！
  - 任务 6 正在处理: ../data-china/519669.csv
--- 正在处理基金: 519669 ---
  使用窗口: 7 天...
  使用窗口: 30 天...
  使用窗口: 90 天...
  使用窗口: 180 天...
结果已保存至: prediction_xgboost/519669.csv

此批次的所有文件处理完毕！
  - 任务 6 正在处理: ../data-china/539001.csv
--- 正在处理基金: 539001 ---
  使用窗口: 7 天...
  使用窗口: 30 天...
  使用窗口: 90 天...
  使用窗口: 180 天...
结果已保存至: prediction_xgboost/539001.csv

此批次的所有文件处理完毕！
  - 任务 6 正在处理: ../data-china/540007.csv
--- 正在处理基金: 540007 ---
  使用窗口: 7 天...
  使用窗口: 30 天...
  使用窗口: 90 天...
  使用窗口: 180 天...
结果已保存至: prediction_xgboost/540007.csv

此批次的所有文件处理完毕！
  - 任务 6 正在处理: ../data-china/750002.csv
--- 正在处理基金: 750002 ---
  使用窗口: 7 天...
  使用窗口: 30 天...
  使用窗口: 90 天...
  使用窗口: 180 天...
结果已保存至: prediction_xgboost/750002.csv

此批次的所有文件处理完毕！
任务ID 6: 已完成其文件块的处理。
