作业开始于: Sat Aug 23 01:22:14 CEST 2025
加载模块...
Using python: /gpfs/home5/jye/MyInvest/.venv/bin/python
脚本提交目录: /gpfs/home5/jye/MyInvest/codes_sh
数据目录路径: ../data-china
总共找到 84 个文件
任务ID 4: 将要处理文件索引范围 48 到 59
  - 任务 4 正在处理: ../data-china/007509.csv
--- 正在处理基金: 007509 ---
  使用窗口: 7 天...
  使用窗口: 30 天...
  使用窗口: 90 天...
  使用窗口: 180 天...
结果已保存至: prediction_xgboost/007509.csv

此批次的所有文件处理完毕！
  - 任务 4 正在处理: ../data-china/007540.csv
--- 正在处理基金: 007540 ---
  使用窗口: 7 天...
  使用窗口: 30 天...
  使用窗口: 90 天...
  使用窗口: 180 天...
结果已保存至: prediction_xgboost/007540.csv

此批次的所有文件处理完毕！
  - 任务 4 正在处理: ../data-china/007676.csv
--- 正在处理基金: 007676 ---
  使用窗口: 7 天...
  使用窗口: 30 天...
  使用窗口: 90 天...
  使用窗口: 180 天...
结果已保存至: prediction_xgboost/007676.csv

此批次的所有文件处理完毕！
  - 任务 4 正在处理: ../data-china/007751.csv
--- 正在处理基金: 007751 ---
  使用窗口: 7 天...
  使用窗口: 30 天...
  使用窗口: 90 天...
  使用窗口: 180 天...
结果已保存至: prediction_xgboost/007751.csv

此批次的所有文件处理完毕！
  - 任务 4 正在处理: ../data-china/008115.csv
--- 正在处理基金: 008115 ---
  使用窗口: 7 天...
  使用窗口: 30 天...
  使用窗口: 90 天...
  使用窗口: 180 天...
结果已保存至: prediction_xgboost/008115.csv

此批次的所有文件处理完毕！
  - 任务 4 正在处理: ../data-china/008269.csv
--- 正在处理基金: 008269 ---
  使用窗口: 7 天...
  使用窗口: 30 天...
  使用窗口: 90 天...
  使用窗口: 180 天...
结果已保存至: prediction_xgboost/008269.csv

此批次的所有文件处理完毕！
  - 任务 4 正在处理: ../data-china/008271.csv
--- 正在处理基金: 008271 ---
  使用窗口: 7 天...
  使用窗口: 30 天...
  使用窗口: 90 天...
  使用窗口: 180 天...
结果已保存至: prediction_xgboost/008271.csv

此批次的所有文件处理完毕！
  - 任务 4 正在处理: ../data-china/009005.csv
--- 正在处理基金: 009005 ---
  使用窗口: 7 天...
  使用窗口: 30 天...
  使用窗口: 90 天...
  使用窗口: 180 天...
结果已保存至: prediction_xgboost/009005.csv

此批次的所有文件处理完毕！
  - 任务 4 正在处理: ../data-china/009689.csv
--- 正在处理基金: 009689 ---
  使用窗口: 7 天...
  使用窗口: 30 天...
  使用窗口: 90 天...
  使用窗口: 180 天...
结果已保存至: prediction_xgboost/009689.csv

此批次的所有文件处理完毕！
  - 任务 4 正在处理: ../data-china/050025.csv
--- 正在处理基金: 050025 ---
  使用窗口: 7 天...
  使用窗口: 30 天...
  使用窗口: 90 天...
  使用窗口: 180 天...
结果已保存至: prediction_xgboost/050025.csv

此批次的所有文件处理完毕！
  - 任务 4 正在处理: ../data-china/090007.csv
--- 正在处理基金: 090007 ---
  使用窗口: 7 天...
  使用窗口: 30 天...
  使用窗口: 90 天...
  使用窗口: 180 天...
结果已保存至: prediction_xgboost/090007.csv

此批次的所有文件处理完毕！
  - 任务 4 正在处理: ../data-china/090013.csv
--- 正在处理基金: 090013 ---
  使用窗口: 7 天...
  使用窗口: 30 天...
  使用窗口: 90 天...
  使用窗口: 180 天...
结果已保存至: prediction_xgboost/090013.csv

此批次的所有文件处理完毕！
任务ID 4: 已完成其文件块的处理。

JOB STATISTICS
==============
Job ID: 14233441
Array Job ID: 14233436_4
Cluster: snellius
User/Group: jye/jye
State: COMPLETED (exit code 0)
Nodes: 1
Cores per node: 16
CPU Utilized: 00:12:01
CPU Efficiency: 39.88% of 00:30:08 core-walltime
Job Wall-clock time: 00:01:53
Memory Utilized: 439.93 MB
Memory Efficiency: 5.37% of 8.00 GB (8.00 GB/node)
