作业开始于: Sat Aug 23 01:22:14 CEST 2025
加载模块...
Using python: /gpfs/home5/jye/MyInvest/.venv/bin/python
脚本提交目录: /gpfs/home5/jye/MyInvest/codes_sh
数据目录路径: ../data-china
总共找到 84 个文件
任务ID 2: 将要处理文件索引范围 24 到 35
  - 任务 2 正在处理: ../data-china/003376.csv
--- 正在处理基金: 003376 ---
  使用窗口: 7 天...
  使用窗口: 30 天...
  使用窗口: 90 天...
  使用窗口: 180 天...
结果已保存至: prediction_xgboost/003376.csv

此批次的所有文件处理完毕！
  - 任务 2 正在处理: ../data-china/003496.csv
--- 正在处理基金: 003496 ---
  使用窗口: 7 天...
  使用窗口: 30 天...
  使用窗口: 90 天...
  使用窗口: 180 天...
结果已保存至: prediction_xgboost/003496.csv

此批次的所有文件处理完毕！
  - 任务 2 正在处理: ../data-china/003545.csv
--- 正在处理基金: 003545 ---
  使用窗口: 7 天...
  使用窗口: 30 天...
  使用窗口: 90 天...
  使用窗口: 180 天...
结果已保存至: prediction_xgboost/003545.csv

此批次的所有文件处理完毕！
  - 任务 2 正在处理: ../data-china/003591.csv
--- 正在处理基金: 003591 ---
  使用窗口: 7 天...
  使用窗口: 30 天...
  使用窗口: 90 天...
  使用窗口: 180 天...
结果已保存至: prediction_xgboost/003591.csv

此批次的所有文件处理完毕！
  - 任务 2 正在处理: ../data-china/004011.csv
--- 正在处理基金: 004011 ---
  使用窗口: 7 天...
  使用窗口: 30 天...
  使用窗口: 90 天...
  使用窗口: 180 天...
结果已保存至: prediction_xgboost/004011.csv

此批次的所有文件处理完毕！
  - 任务 2 正在处理: ../data-china/004206.csv
--- 正在处理基金: 004206 ---
  使用窗口: 7 天...
  使用窗口: 30 天...
  使用窗口: 90 天...
  使用窗口: 180 天...
结果已保存至: prediction_xgboost/004206.csv

此批次的所有文件处理完毕！
  - 任务 2 正在处理: ../data-china/004246.csv
--- 正在处理基金: 004246 ---
  使用窗口: 7 天...
  使用窗口: 30 天...
  使用窗口: 90 天...
  使用窗口: 180 天...
结果已保存至: prediction_xgboost/004246.csv

此批次的所有文件处理完毕！
  - 任务 2 正在处理: ../data-china/004279.csv
--- 正在处理基金: 004279 ---
  使用窗口: 7 天...
  使用窗口: 30 天...
  使用窗口: 90 天...
  使用窗口: 180 天...
结果已保存至: prediction_xgboost/004279.csv

此批次的所有文件处理完毕！
  - 任务 2 正在处理: ../data-china/004475.csv
--- 正在处理基金: 004475 ---
  使用窗口: 7 天...
  使用窗口: 30 天...
  使用窗口: 90 天...
  使用窗口: 180 天...
结果已保存至: prediction_xgboost/004475.csv

此批次的所有文件处理完毕！
  - 任务 2 正在处理: ../data-china/004750.csv
--- 正在处理基金: 004750 ---
  使用窗口: 7 天...
  使用窗口: 30 天...
  使用窗口: 90 天...
  使用窗口: 180 天...
结果已保存至: prediction_xgboost/004750.csv

此批次的所有文件处理完毕！
  - 任务 2 正在处理: ../data-china/005443.csv
--- 正在处理基金: 005443 ---
  使用窗口: 7 天...
  使用窗口: 30 天...
  使用窗口: 90 天...
  使用窗口: 180 天...
结果已保存至: prediction_xgboost/005443.csv

此批次的所有文件处理完毕！
  - 任务 2 正在处理: ../data-china/005561.csv
--- 正在处理基金: 005561 ---
  使用窗口: 7 天...
  使用窗口: 30 天...
  使用窗口: 90 天...
  使用窗口: 180 天...
结果已保存至: prediction_xgboost/005561.csv

此批次的所有文件处理完毕！
任务ID 2: 已完成其文件块的处理。

JOB STATISTICS
==============
Job ID: 14233439
Array Job ID: 14233436_2
Cluster: snellius
User/Group: jye/jye
State: COMPLETED (exit code 0)
Nodes: 1
Cores per node: 16
CPU Utilized: 00:11:00
CPU Efficiency: 39.29% of 00:28:00 core-walltime
Job Wall-clock time: 00:01:45
Memory Utilized: 365.30 MB
Memory Efficiency: 4.46% of 8.00 GB (8.00 GB/node)
