作业开始于: Sat Aug 23 01:22:14 CEST 2025
加载模块...
Using python: /gpfs/home5/jye/MyInvest/.venv/bin/python
脚本提交目录: /gpfs/home5/jye/MyInvest/codes_sh
数据目录路径: ../data-china
总共找到 84 个文件
任务ID 0: 将要处理文件索引范围 0 到 11
  - 任务 0 正在处理: ../data-china/000043.csv
--- 正在处理基金: 000043 ---
  使用窗口: 7 天...
  使用窗口: 30 天...
  使用窗口: 90 天...
  使用窗口: 180 天...
结果已保存至: prediction_xgboost/000043.csv

此批次的所有文件处理完毕！
  - 任务 0 正在处理: ../data-china/000218.csv
--- 正在处理基金: 000218 ---
  使用窗口: 7 天...
  使用窗口: 30 天...
  使用窗口: 90 天...
  使用窗口: 180 天...
结果已保存至: prediction_xgboost/000218.csv

此批次的所有文件处理完毕！
  - 任务 0 正在处理: ../data-china/000369.csv
--- 正在处理基金: 000369 ---
  使用窗口: 7 天...
  使用窗口: 30 天...
  使用窗口: 90 天...
  使用窗口: 180 天...
结果已保存至: prediction_xgboost/000369.csv

此批次的所有文件处理完毕！
  - 任务 0 正在处理: ../data-china/000480.csv
--- 正在处理基金: 000480 ---
  使用窗口: 7 天...
  使用窗口: 30 天...
  使用窗口: 90 天...
  使用窗口: 180 天...
结果已保存至: prediction_xgboost/000480.csv

此批次的所有文件处理完毕！
  - 任务 0 正在处理: ../data-china/000573.csv
--- 正在处理基金: 000573 ---
  使用窗口: 7 天...
  使用窗口: 30 天...
  使用窗口: 90 天...
  使用窗口: 180 天...
结果已保存至: prediction_xgboost/000573.csv

此批次的所有文件处理完毕！
  - 任务 0 正在处理: ../data-china/000628.csv
--- 正在处理基金: 000628 ---
  使用窗口: 7 天...
  使用窗口: 30 天...
  使用窗口: 90 天...
  使用窗口: 180 天...
结果已保存至: prediction_xgboost/000628.csv

此批次的所有文件处理完毕！
  - 任务 0 正在处理: ../data-china/000931.csv
--- 正在处理基金: 000931 ---
  使用窗口: 7 天...
  使用窗口: 30 天...
  使用窗口: 90 天...
  使用窗口: 180 天...
结果已保存至: prediction_xgboost/000931.csv

此批次的所有文件处理完毕！
  - 任务 0 正在处理: ../data-china/000979.csv
--- 正在处理基金: 000979 ---
  使用窗口: 7 天...
  使用窗口: 30 天...
  使用窗口: 90 天...
  使用窗口: 180 天...
结果已保存至: prediction_xgboost/000979.csv

此批次的所有文件处理完毕！
  - 任务 0 正在处理: ../data-china/001122.csv
--- 正在处理基金: 001122 ---
  使用窗口: 7 天...
  使用窗口: 30 天...
  使用窗口: 90 天...
  使用窗口: 180 天...
结果已保存至: prediction_xgboost/001122.csv

此批次的所有文件处理完毕！
  - 任务 0 正在处理: ../data-china/001167.csv
--- 正在处理基金: 001167 ---
  使用窗口: 7 天...
  使用窗口: 30 天...
  使用窗口: 90 天...
  使用窗口: 180 天...
结果已保存至: prediction_xgboost/001167.csv

此批次的所有文件处理完毕！
  - 任务 0 正在处理: ../data-china/001322.csv
--- 正在处理基金: 001322 ---
  使用窗口: 7 天...
  使用窗口: 30 天...
  使用窗口: 90 天...
  使用窗口: 180 天...
结果已保存至: prediction_xgboost/001322.csv

此批次的所有文件处理完毕！
  - 任务 0 正在处理: ../data-china/001405.csv
--- 正在处理基金: 001405 ---
  使用窗口: 7 天...
  使用窗口: 30 天...
  使用窗口: 90 天...
  使用窗口: 180 天...
结果已保存至: prediction_xgboost/001405.csv

此批次的所有文件处理完毕！
任务ID 0: 已完成其文件块的处理。

JOB STATISTICS
==============
Job ID: 14233437
Array Job ID: 14233436_0
Cluster: snellius
User/Group: jye/jye
State: COMPLETED (exit code 0)
Nodes: 1
Cores per node: 16
CPU Utilized: 00:14:17
CPU Efficiency: 40.89% of 00:34:56 core-walltime
Job Wall-clock time: 00:02:11
Memory Utilized: 393.09 MB
Memory Efficiency: 4.80% of 8.00 GB (8.00 GB/node)
